  main.c
c:\users\bange\onedrive\바탕 화면\documents\github\새 폴더\teamprojectfinal\sw설계기초-final project\item.h : warning C4819: 현재 코드 페이지(949)에서 표시할 수 없는 문자가 파일에 들어 있습니다. 데이터가 손실되지 않게 하려면 해당 파일을 유니코드 형식으로 저장하십시오.
c:\users\bange\onedrive\바탕 화면\documents\github\새 폴더\teamprojectfinal\sw설계기초-final project\enemy.h : warning C4819: 현재 코드 페이지(949)에서 표시할 수 없는 문자가 파일에 들어 있습니다. 데이터가 손실되지 않게 하려면 해당 파일을 유니코드 형식으로 저장하십시오.
c:\users\bange\onedrive\바탕 화면\documents\github\새 폴더\teamprojectfinal\sw설계기초-final project\enemy.h(195): error C2001: 상수에 줄 바꿈 문자가 있습니다.
c:\users\bange\onedrive\바탕 화면\documents\github\새 폴더\teamprojectfinal\sw설계기초-final project\enemy.h(196): error C2143: 구문 오류: ')'이(가) 'else' 앞에 없습니다.
c:\users\bange\onedrive\바탕 화면\documents\github\새 폴더\teamprojectfinal\sw설계기초-final project\enemy.h(196): error C2001: 상수에 줄 바꿈 문자가 있습니다.
c:\users\bange\onedrive\바탕 화면\documents\github\새 폴더\teamprojectfinal\sw설계기초-final project\enemy.h(197): error C2001: 상수에 줄 바꿈 문자가 있습니다.
c:\users\bange\onedrive\바탕 화면\documents\github\새 폴더\teamprojectfinal\sw설계기초-final project\enemy.h(199): error C2001: 상수에 줄 바꿈 문자가 있습니다.
c:\users\bange\onedrive\바탕 화면\documents\github\새 폴더\teamprojectfinal\sw설계기초-final project\enemy.h(200): error C2143: 구문 오류: ')'이(가) 'else' 앞에 없습니다.
c:\users\bange\onedrive\바탕 화면\documents\github\새 폴더\teamprojectfinal\sw설계기초-final project\enemy.h(200): error C2001: 상수에 줄 바꿈 문자가 있습니다.
c:\users\bange\onedrive\바탕 화면\documents\github\새 폴더\teamprojectfinal\sw설계기초-final project\enemy.h(201): error C2001: 상수에 줄 바꿈 문자가 있습니다.
c:\users\bange\onedrive\바탕 화면\documents\github\새 폴더\teamprojectfinal\sw설계기초-final project\enemy.h(204): warning C4552: '<': 식의 결과가 사용되지 않습니다.
c:\users\bange\onedrive\바탕 화면\documents\github\새 폴더\teamprojectfinal\sw설계기초-final project\enemy.h(204): error C2143: 구문 오류: ';'이(가) ')' 앞에 없습니다.
c:\users\bange\onedrive\바탕 화면\documents\github\새 폴더\teamprojectfinal\sw설계기초-final project\enemy.h(206): error C2001: 상수에 줄 바꿈 문자가 있습니다.
c:\users\bange\onedrive\바탕 화면\documents\github\새 폴더\teamprojectfinal\sw설계기초-final project\enemy.h(207): error C2146: 구문 오류: ')'이(가) 'SetCurrentCursorPos' 식별자 앞에 없습니다.
c:\users\bange\onedrive\바탕 화면\documents\github\새 폴더\teamprojectfinal\sw설계기초-final project\enemy.h(208): error C2001: 상수에 줄 바꿈 문자가 있습니다.
c:\users\bange\onedrive\바탕 화면\documents\github\새 폴더\teamprojectfinal\sw설계기초-final project\enemy.h(209): error C2143: 구문 오류: ')'이(가) '}' 앞에 없습니다.
c:\users\bange\onedrive\바탕 화면\documents\github\새 폴더\teamprojectfinal\sw설계기초-final project\enemy.h(214): error C2143: 구문 오류: ';'이(가) '{' 앞에 없습니다.
c:\users\bange\onedrive\바탕 화면\documents\github\새 폴더\teamprojectfinal\sw설계기초-final project\enemy.h(235): error C2143: 구문 오류: ';'이(가) '{' 앞에 없습니다.
c:\users\bange\onedrive\바탕 화면\documents\github\새 폴더\teamprojectfinal\sw설계기초-final project\enemy.h(239): error C2143: 구문 오류: ';'이(가) '{' 앞에 없습니다.
c:\users\bange\onedrive\바탕 화면\documents\github\새 폴더\teamprojectfinal\sw설계기초-final project\enemy.h(248): error C2143: 구문 오류: ';'이(가) '{' 앞에 없습니다.
c:\users\bange\onedrive\바탕 화면\documents\github\새 폴더\teamprojectfinal\sw설계기초-final project\stagemenu.h(11): error C2143: 구문 오류: ';'이(가) '{' 앞에 없습니다.
c:\users\bange\onedrive\바탕 화면\documents\github\새 폴더\teamprojectfinal\sw설계기초-final project\stagemenu.h(21): error C2143: 구문 오류: ';'이(가) '{' 앞에 없습니다.
c:\users\bange\onedrive\바탕 화면\documents\github\새 폴더\teamprojectfinal\sw설계기초-final project\stagemenu.h(32): warning C4098: 'DrawEnemySkillPrison': 'void' 함수에서 값을 반환하고 있습니다.
c:\users\bange\onedrive\바탕 화면\documents\github\새 폴더\teamprojectfinal\sw설계기초-final project\stagemenu.h(34): warning C4098: 'DrawEnemySkillPrison': 'void' 함수에서 값을 반환하고 있습니다.
c:\users\bange\onedrive\바탕 화면\documents\github\새 폴더\teamprojectfinal\sw설계기초-final project\gameovermenu.h(17): error C2143: 구문 오류: ';'이(가) '{' 앞에 없습니다.
c:\users\bange\onedrive\바탕 화면\documents\github\새 폴더\teamprojectfinal\sw설계기초-final project\gameovermenu.h(30): warning C4098: 'DrawEnemySkillPrison': 'void' 함수에서 값을 반환하고 있습니다.
c:\users\bange\onedrive\바탕 화면\documents\github\새 폴더\teamprojectfinal\sw설계기초-final project\gameovermenu.h(32): warning C4098: 'DrawEnemySkillPrison': 'void' 함수에서 값을 반환하고 있습니다.
c:\users\bange\onedrive\바탕 화면\documents\github\새 폴더\teamprojectfinal\sw설계기초-final project\gameovermenu.h(36): error C2143: 구문 오류: ';'이(가) '{' 앞에 없습니다.
c:\users\bange\onedrive\바탕 화면\documents\github\새 폴더\teamprojectfinal\sw설계기초-final project\gameovermenu.h(37): error C2065: 'x': 선언되지 않은 식별자입니다.
c:\users\bange\onedrive\바탕 화면\documents\github\새 폴더\teamprojectfinal\sw설계기초-final project\gameovermenu.h(37): error C2065: 'y': 선언되지 않은 식별자입니다.
c:\users\bange\onedrive\바탕 화면\documents\github\새 폴더\teamprojectfinal\sw설계기초-final project\gameovermenu.h(58): error C2143: 구문 오류: ';'이(가) '{' 앞에 없습니다.
c:\users\bange\onedrive\바탕 화면\documents\github\새 폴더\teamprojectfinal\sw설계기초-final project\gameovermenu.h(80): error C2143: 구문 오류: ';'이(가) '{' 앞에 없습니다.
c:\users\bange\onedrive\바탕 화면\documents\github\새 폴더\teamprojectfinal\sw설계기초-final project\gameovermenu.h(87): error C2143: 구문 오류: ';'이(가) '{' 앞에 없습니다.
c:\users\bange\onedrive\바탕 화면\documents\github\새 폴더\teamprojectfinal\sw설계기초-final project\gameovermenu.h(96): error C2065: 'xx': 선언되지 않은 식별자입니다.
c:\users\bange\onedrive\바탕 화면\documents\github\새 폴더\teamprojectfinal\sw설계기초-final project\gameovermenu.h(96): error C2100: 간접 참조가 잘못되었습니다.
c:\users\bange\onedrive\바탕 화면\documents\github\새 폴더\teamprojectfinal\sw설계기초-final project\gameovermenu.h(97): error C2065: 'yy': 선언되지 않은 식별자입니다.
c:\users\bange\onedrive\바탕 화면\documents\github\새 폴더\teamprojectfinal\sw설계기초-final project\gameovermenu.h(97): error C2100: 간접 참조가 잘못되었습니다.
c:\users\bange\onedrive\바탕 화면\documents\github\새 폴더\teamprojectfinal\sw설계기초-final project\gameovermenu.h(105): error C2143: 구문 오류: ';'이(가) '{' 앞에 없습니다.
c:\users\bange\onedrive\바탕 화면\documents\github\새 폴더\teamprojectfinal\sw설계기초-final project\gameovermenu.h(129): warning C4098: 'DrawEnemySkillPrison': 'void' 함수에서 값을 반환하고 있습니다.
c:\users\bange\onedrive\바탕 화면\documents\github\새 폴더\teamprojectfinal\sw설계기초-final project\gamefile.h(19): error C2143: 구문 오류: ';'이(가) '{' 앞에 없습니다.
c:\users\bange\onedrive\바탕 화면\documents\github\새 폴더\teamprojectfinal\sw설계기초-final project\gamefile.h(32): error C2143: 구문 오류: ';'이(가) '{' 앞에 없습니다.
c:\users\bange\onedrive\바탕 화면\documents\github\새 폴더\teamprojectfinal\sw설계기초-final project\gamefile.h(43): error C2143: 구문 오류: ';'이(가) '{' 앞에 없습니다.
c:\users\bange\onedrive\바탕 화면\documents\github\새 폴더\teamprojectfinal\sw설계기초-final project\main.c(2): error C2143: 구문 오류: ';'이(가) '{' 앞에 없습니다.
c:\users\bange\onedrive\바탕 화면\documents\github\새 폴더\teamprojectfinal\sw설계기초-final project\main.c(2): warning C4098: 'DrawEnemySkillPrison': 'void' 함수에서 값을 반환하고 있습니다.
c:\users\bange\onedrive\바탕 화면\documents\github\새 폴더\teamprojectfinal\sw설계기초-final project\main.c(3): fatal error C1004: 예기치 않은 파일의 끝이 나타났습니다.
